  Source.cpp
E:\Documents\42 LABS\Tasks\Task 2 RSA Algorithm\RSA Project\bigint.h(701,33): warning C4267: 'initializing': conversion from 'size_t' to 'int', possible loss of data
E:\Documents\42 LABS\Tasks\Task 2 RSA Algorithm\RSA Project\bigint.h(702,33): warning C4267: 'initializing': conversion from 'size_t' to 'int', possible loss of data
E:\Documents\42 LABS\Tasks\Task 2 RSA Algorithm\RSA Project\bigint.h(761,33): warning C4267: 'initializing': conversion from 'size_t' to 'int', possible loss of data
E:\Documents\42 LABS\Tasks\Task 2 RSA Algorithm\RSA Project\bigint.h(762,33): warning C4267: 'initializing': conversion from 'size_t' to 'int', possible loss of data
E:\Documents\42 LABS\Tasks\Task 2 RSA Algorithm\RSA Project\bigint.h(850,33): warning C4267: 'initializing': conversion from 'size_t' to 'int', possible loss of data
E:\Documents\42 LABS\Tasks\Task 2 RSA Algorithm\RSA Project\bigint.h(851,33): warning C4267: 'initializing': conversion from 'size_t' to 'int', possible loss of data
E:\Documents\42 LABS\Tasks\Task 2 RSA Algorithm\RSA Project\bigint.h(882,38): warning C4267: 'initializing': conversion from 'size_t' to 'int', possible loss of data
E:\Documents\42 LABS\Tasks\Task 2 RSA Algorithm\RSA Project\bigint.h(955,60): warning C4267: 'initializing': conversion from 'size_t' to 'int', possible loss of data
E:\Documents\42 LABS\Tasks\Task 2 RSA Algorithm\RSA Project\bigint.h(978,17): warning C4018: '<': signed/unsigned mismatch
E:\Documents\42 LABS\Tasks\Task 2 RSA Algorithm\RSA Project\bigint.h(984,33): warning C4244: 'argument': conversion from 'unsigned __int64' to '_Elem', possible loss of data
          with
          [
              _Elem=char
          ]
E:\Documents\42 LABS\Tasks\Task 2 RSA Algorithm\RSA Project\bigint.h(1014,33): warning C4267: 'initializing': conversion from 'size_t' to 'int', possible loss of data
E:\Documents\42 LABS\Tasks\Task 2 RSA Algorithm\RSA Project\bigint.h(1014,59): warning C4267: 'initializing': conversion from 'size_t' to 'int', possible loss of data
E:\Documents\42 LABS\Tasks\Task 2 RSA Algorithm\RSA Project\Source.cpp(18,8): warning C4305: 'initializing': truncation from '__int64' to 'int'
E:\Documents\42 LABS\Tasks\Task 2 RSA Algorithm\RSA Project\Source.cpp(18,10): warning C4309: 'initializing': truncation of constant value
  RSA Project.vcxproj -> E:\Documents\42 LABS\Tasks\Task 2 RSA Algorithm\RSA Project\x64\Debug\RSA Project.exe
